<?xml version="1.0" encoding="UTF-8"?>
<!-- Generated by org.testng.reporters.JUnitReportReporter -->
<testsuite hostname="Ganesh" failures="0" tests="7" name="TestCalculator" time="0.014" errors="0" timestamp="2021-10-17T09:53:26 IST" skipped="0">
  <testcase classname="TestCalculator" name="negativeInputReturnsException" time="0.001"/>
  <system-out/>
  <testcase classname="TestCalculator" name="threeNumbersDelimitedReturnSum" time="0.001"/>
  <system-out/>
  <testcase classname="TestCalculator" name="twoNumbersComaDelimitedReturnSum" time="0.001"/>
  <system-out/>
  <testcase classname="TestCalculator" name="emptyStringReturnZero" time="0.007"/>
  <system-out/>
  <testcase classname="TestCalculator" name="ignoresNumbersGreaterThan1000" time="0.002"/>
  <system-out/>
  <testcase classname="TestCalculator" name="twoNumberNewLineDelimitedReturnSum" time="0.001"/>
  <system-out/>
  <testcase classname="TestCalculator" name="singleValueIsReplied" time="0.001"/>
  <system-out/>
</testsuite> <!-- TestCalculator -->
