<?xml version="1.0" encoding="UTF-8"?>
<!-- Generated by org.testng.reporters.JUnitReportReporter -->
<testsuite hostname="Ganesh" failures="0" tests="3" name="TestStringCalculator" time="0.013" errors="0" timestamp="2021-10-16T17:07:46 IST" skipped="0">
  <testcase classname="TestStringCalculator" name="sumOfNumbers" time="0.001"/>
  <system-out/>
  <testcase classname="TestStringCalculator" name="returnsValue" time="0.010"/>
  <system-out/>
  <testcase classname="TestStringCalculator" name="returnsZero" time="0.002"/>
  <system-out/>
</testsuite> <!-- TestStringCalculator -->
